09:19:51  
09:19:51    ╔═══════════════════════════════════════╗
09:19:51    ║        VoiceTyper v1.1                ║
09:19:51    ╚═══════════════════════════════════════╝
09:19:51  
09:19:51    🔍 Auto-détection du micro...
09:19:52    [{dev_id}] {name} → OK ✓
09:19:52  ✓ Micro sélectionné : device {AUDIO_DEVICE}
09:19:52  
09:19:52  ✓ Vocabulaire chargé : {len(self.hint_words)} mots, {len(self.replacements)} remplacements
09:19:52  ==================================================
09:19:52    VoiceTyper — Chargement du modèle Whisper
09:19:52    Modèle : {WHISPER_MODEL} | Device : {WHISPER_DEVICE}
09:19:52  ==================================================
09:19:52  
09:19:52    Utilisation du GPU (CUDA)
09:19:52    Téléchargement/chargement de '{WHISPER_MODEL}'...
09:19:52    (Le 1er lancement télécharge le modèle ~3 Go)
09:19:52  
09:19:52    → Listener souris démarré
09:19:52    → Lancement du system tray...
09:19:52  
09:19:57  HTTP Request: GET https://huggingface.co/api/models/Systran/faster-whisper-large-v3/revision/main "HTTP/1.1 200 OK"
09:20:09    ✓ Modèle chargé avec succès 
09:20:09  
09:20:10    ┌──────────────────────────────────────────┐
09:20:10    │          VoiceTyper v1.1 prêt            │
09:20:10    ├──────────────────────────────────────────┤
09:20:10    │  Bouton souris {btn_name} = push-to-talk │
09:20:10    │                                          │
09:20:10    │  Parle → texte tapé au curseur           │
09:20:10    │  Texte sélectionné → remplacé            │
09:20:10    │                                          │
09:20:10    │             Icône tray  :                │
09:20:10    │    Gris = veille | Rouge = écoute        │
09:20:10    │    Bleu = transcription                  │
09:20:10    │                                          │
09:20:10    │  Vocabulaire : édite vocabulaire.json    │
09:20:10    └──────────────────────────────────────────┘
09:20:10  
09:20:21  
  ✗ Erreur transcription : {e}
09:20:27  
  ✗ Erreur transcription : {e}
09:20:35  
  ✗ Erreur transcription : {e}
09:20:39  → Audio trop court ({duration:.1f}s < {MIN_DURATION}s), ignoré
09:20:43  
  ✗ Erreur transcription : {e}
09:21:05  
09:21:05    ╔═══════════════════════════════════════╗
09:21:05    ║        VoiceTyper v1.1                ║
09:21:05    ╚═══════════════════════════════════════╝
09:21:05  
09:21:05    🔍 Auto-détection du micro...
09:21:06    [{dev_id}] {name} → OK ✓
09:21:06  ✓ Micro sélectionné : device {AUDIO_DEVICE}
09:21:06  
09:21:06  ✓ Vocabulaire chargé : {len(self.hint_words)} mots, {len(self.replacements)} remplacements
09:21:06  ==================================================
09:21:06    VoiceTyper — Chargement du modèle Whisper
09:21:06    → Listener souris démarré
09:21:06    Modèle : {WHISPER_MODEL} | Device : {WHISPER_DEVICE}
09:21:06    → Lancement du system tray...
09:21:06  ==================================================
09:21:06  
09:21:06  
09:21:06    Utilisation du GPU (CUDA)
09:21:06    Téléchargement/chargement de '{WHISPER_MODEL}'...
09:21:06    (Le 1er lancement télécharge le modèle ~3 Go)
09:21:06  
09:21:09    ✓ Modèle chargé avec succès 
09:21:09  
09:21:09    ┌──────────────────────────────────────────┐
09:21:09    │          VoiceTyper v1.1 prêt            │
09:21:09    ├──────────────────────────────────────────┤
09:21:09    │  Bouton souris {btn_name} = push-to-talk │
09:21:09    │                                          │
09:21:09    │  Parle → texte tapé au curseur           │
09:21:09    │  Texte sélectionné → remplacé            │
09:21:09    │                                          │
09:21:09    │             Icône tray  :                │
09:21:09    │    Gris = veille | Rouge = écoute        │
09:21:09    │    Bleu = transcription                  │
09:21:09    │                                          │
09:21:09    │  Vocabulaire : édite vocabulaire.json    │
09:21:09    └──────────────────────────────────────────┘
09:21:09  
09:21:22  
  VoiceTyper arrêté
09:21:25  
  VoiceTyper arrêté
09:21:27  
09:21:27    ╔═══════════════════════════════════════╗
09:21:27    ║        VoiceTyper v1.1                ║
09:21:27    ╚═══════════════════════════════════════╝
09:21:27  
09:21:27    🔍 Auto-détection du micro...
09:21:28    [{dev_id}] {name} → OK ✓
09:21:28  ✓ Micro sélectionné : device {AUDIO_DEVICE}
09:21:28  
09:21:28  ✓ Vocabulaire chargé : {len(self.hint_words)} mots, {len(self.replacements)} remplacements
09:21:28  ==================================================
09:21:28    → Listener souris démarré
09:21:28    VoiceTyper — Chargement du modèle Whisper
09:21:28    → Lancement du system tray...
09:21:28  
09:21:28    Modèle : {WHISPER_MODEL} | Device : {WHISPER_DEVICE}
09:21:28  ==================================================
09:21:28  
09:21:28    Utilisation du GPU (CUDA)
09:21:28    Téléchargement/chargement de '{WHISPER_MODEL}'...
09:21:28    (Le 1er lancement télécharge le modèle ~3 Go)
09:21:28  
09:21:29  HTTP Request: GET https://huggingface.co/api/models/Systran/faster-whisper-large-v3/revision/main "HTTP/1.1 200 OK"
09:21:32    ✓ Modèle chargé avec succès 
09:21:32  
09:21:32    ┌──────────────────────────────────────────┐
09:21:32    │          VoiceTyper v1.1 prêt            │
09:21:32    ├──────────────────────────────────────────┤
09:21:32    │  Bouton souris {btn_name} = push-to-talk │
09:21:32    │                                          │
09:21:32    │  Parle → texte tapé au curseur           │
09:21:32    │  Texte sélectionné → remplacé            │
09:21:32    │                                          │
09:21:32    │             Icône tray  :                │
09:21:32    │    Gris = veille | Rouge = écoute        │
09:21:32    │    Bleu = transcription                  │
09:21:32    │                                          │
09:21:32    │  Vocabulaire : édite vocabulaire.json    │
09:21:32    └──────────────────────────────────────────┘
09:21:32  
09:21:55  
  ✗ Erreur transcription : {e}
09:22:02  
  ✗ Erreur transcription : {e}
09:24:54  
09:24:54    ╔═══════════════════════════════════════╗
09:24:54    ║        VoiceTyper v1.1                ║
09:24:54    ╚═══════════════════════════════════════╝
09:24:54  
09:24:54    🔍 Auto-détection du micro...
09:24:54    [1] Réseau de microphones (Realtek( → OK ✓
09:24:54  ✓ Micro sélectionné : device 1
09:24:54  
09:24:54  ✓ Vocabulaire chargé : 4 mots, 3 remplacements
09:24:54  ==================================================
09:24:54    VoiceTyper — Chargement du modèle Whisper
09:24:54    Modèle : large-v3 | Device : cuda
09:24:54  ==================================================
09:24:54  
09:24:54    Utilisation du GPU (CUDA)
09:24:54    Téléchargement/chargement de 'large-v3'...
09:24:54    (Le 1er lancement télécharge le modèle ~3 Go)
09:24:54  
09:24:54    → Listener souris démarré
09:24:54    → Lancement du system tray...
09:24:54  
09:24:55  HTTP Request: GET https://huggingface.co/api/models/Systran/faster-whisper-large-v3/revision/main "HTTP/1.1 200 OK"
09:25:05    ✓ Modèle chargé avec succès 
09:25:05  
09:25:05    ┌──────────────────────────────────────────┐
09:25:05    │          VoiceTyper v1.1 prêt            │
09:25:05    ├──────────────────────────────────────────┤
09:25:05    │  Bouton souris avant (x2) = push-to-talk │
09:25:05    │                                          │
09:25:05    │  Parle → texte tapé au curseur           │
09:25:05    │  Texte sélectionné → remplacé            │
09:25:05    │                                          │
09:25:05    │             Icône tray  :                │
09:25:05    │    Gris = veille | Rouge = écoute        │
09:25:05    │    Bleu = transcription                  │
09:25:05    │                                          │
09:25:05    │  Vocabulaire : édite vocabulaire.json    │
09:25:05    └──────────────────────────────────────────┘
09:25:05  
09:25:12  → Transcription de 1.7s d'audio...
09:25:12  Processing audio with duration 00:01.728
09:25:12  VAD filter removed 00:00.244 of audio
09:25:13  Detected language 'fr' with probability 0.99
09:25:13  OK (1.7s, fr 99%) [INSERT]
09:25:13  → "{text}"
09:25:20  → Transcription de 4.5s d'audio...
09:25:20  Processing audio with duration 00:04.480
09:25:20  VAD filter removed 00:01.288 of audio
09:25:20  Detected language 'fr' with probability 1.00
09:25:21  OK (1.4s, fr 100%) [INSERT]
09:25:21  → "{text}"
09:25:28  → Transcription de 4.0s d'audio...
09:25:28  Processing audio with duration 00:04.032
09:25:28  VAD filter removed 00:01.524 of audio
09:25:28  Detected language 'fr' with probability 0.99
09:25:29  OK (1.7s, fr 99%) [INSERT]
09:25:29  → "{text}"
09:25:37  → Transcription de 3.6s d'audio...
09:25:37  Processing audio with duration 00:03.584
09:25:37  VAD filter removed 00:01.332 of audio
09:25:38  Detected language 'fr' with probability 0.54
09:25:39  OK (1.5s, fr 54%) [INSERT]
09:25:39  → "{text}"
09:25:49  → Transcription de 3.5s d'audio...
09:25:49  Processing audio with duration 00:03.456
09:25:49  VAD filter removed 00:00.436 of audio
09:25:50  Detected language 'fr' with probability 0.99
09:25:51  OK (1.4s, fr 99%) [INSERT]
09:25:51  → "{text}"
09:25:59  → Transcription de 0.8s d'audio...
09:25:59  Processing audio with duration 00:00.768
09:25:59  VAD filter removed 00:00.768 of audio
09:25:59  Detected language 'nn' with probability 0.61
09:25:59  (aucun texte détecté, 0.4s)
09:26:01  → Transcription de 1.1s d'audio...
09:26:01  Processing audio with duration 00:01.088
09:26:01  VAD filter removed 00:01.088 of audio
09:26:02  Detected language 'nn' with probability 0.61
09:26:02  (aucun texte détecté, 0.4s)
09:26:04  → Transcription de 1.7s d'audio...
09:26:04  Processing audio with duration 00:01.728
09:26:04  VAD filter removed 00:00.500 of audio
09:26:05  Detected language 'fr' with probability 0.94
09:26:05  OK (1.3s, fr 94%) [INSERT]
09:26:05  → "{text}"
09:26:27  → Transcription de 9.2s d'audio...
09:26:27  Processing audio with duration 00:09.152
09:26:27  VAD filter removed 00:01.912 of audio
09:26:28  Detected language 'fr' with probability 1.00
09:26:29  OK (2.0s, fr 100%) [INSERT]
09:26:29  → "{text}"
09:27:13  → Transcription de 6.5s d'audio...
09:27:13  Processing audio with duration 00:06.464
09:27:13  VAD filter removed 00:00.660 of audio
09:27:14  Detected language 'fr' with probability 1.00
09:27:15  OK (1.8s, fr 100%) [INSERT]
09:27:15  → "{text}"
09:27:29  → Transcription de 10.7s d'audio...
09:27:29  Processing audio with duration 00:10.688
09:27:29  VAD filter removed 00:01.092 of audio
09:27:30  Detected language 'fr' with probability 0.99
09:27:32  OK (2.6s, fr 99%) [INSERT]
09:27:32  → "{text}"
09:27:58  → Transcription de 9.2s d'audio...
09:27:58  Processing audio with duration 00:09.216
09:27:58  VAD filter removed 00:01.064 of audio
09:27:58  Detected language 'fr' with probability 0.99
09:28:00  OK (2.6s, fr 99%) [INSERT]
09:28:00  → "{text}"
09:28:09  → Transcription de 6.5s d'audio...
09:28:09  Processing audio with duration 00:06.528
09:28:09  VAD filter removed 00:01.160 of audio
09:28:10  Detected language 'fr' with probability 1.00
09:28:10  OK (1.3s, fr 100%) [INSERT]
09:28:10  → "{text}"
09:28:18  → Transcription de 3.0s d'audio...
09:28:18  Processing audio with duration 00:03.008
09:28:18  VAD filter removed 00:01.012 of audio
09:28:19  Detected language 'fr' with probability 0.99
09:28:20  OK (1.7s, fr 99%) [INSERT]
09:28:20  → "{text}"
09:29:49  
  VoiceTyper arrêté
09:29:55  
09:29:55    ╔═══════════════════════════════════════╗
09:29:55    ║        VoiceTyper v1.1                ║
09:29:55    ╚═══════════════════════════════════════╝
09:29:55  
09:29:55    🔍 Auto-détection du micro...
09:29:55    [1] Réseau de microphones (Realtek( → OK ✓
09:29:55  ✓ Micro sélectionné : device 1
09:29:55  
09:29:55  ✓ Vocabulaire chargé : 4 mots, 3 remplacements
09:29:55  ==================================================
09:29:55    VoiceTyper — Chargement du modèle Whisper
09:29:55    Modèle : large-v3 | Device : cuda
09:29:55  ==================================================
09:29:55  
09:29:55    Utilisation du GPU (CUDA)
09:29:55    Téléchargement/chargement de 'large-v3'...
09:29:55    (Le 1er lancement télécharge le modèle ~3 Go)
09:29:55  
09:29:55    → Listener souris démarré
09:29:55    → Lancement du system tray...
09:29:55  
09:29:56  HTTP Request: GET https://huggingface.co/api/models/Systran/faster-whisper-large-v3/revision/main "HTTP/1.1 200 OK"
09:30:07    ✓ Modèle chargé avec succès 
09:30:07  
09:30:07    ┌──────────────────────────────────────────┐
09:30:07    │          VoiceTyper v1.1 prêt            │
09:30:07    ├──────────────────────────────────────────┤
09:30:07    │  Bouton souris avant (x2) = push-to-talk │
09:30:07    │                                          │
09:30:07    │  Parle → texte tapé au curseur           │
09:30:07    │  Texte sélectionné → remplacé            │
09:30:07    │                                          │
09:30:07    │             Icône tray  :                │
09:30:07    │    Gris = veille | Rouge = écoute        │
09:30:07    │    Bleu = transcription                  │
09:30:07    │                                          │
09:30:07    │  Vocabulaire : édite vocabulaire.json    │
09:30:07    └──────────────────────────────────────────┘
09:30:07  
09:31:20  → Transcription de 1.4s d'audio...
09:31:20  Processing audio with duration 00:01.408
09:31:20  VAD filter removed 00:00.404 of audio
09:31:21  Detected language 'fr' with probability 0.99
09:31:22  OK (1.8s, fr 99%) [INSERT]
09:31:22  → "{text}"
09:31:28  → Transcription de 4.5s d'audio...
09:31:28  Processing audio with duration 00:04.480
09:31:28  VAD filter removed 00:00.476 of audio
09:31:28  Detected language 'fr' with probability 0.99
09:31:29  OK (1.6s, fr 99%) [INSERT]
09:31:29  → "{text}"
09:33:01  
  VoiceTyper arrêté
09:33:11  
09:33:11    ╔═══════════════════════════════════════╗
09:33:11    ║        VoiceTyper v1.1                ║
09:33:11    ╚═══════════════════════════════════════╝
09:33:11  
09:33:11    🔍 Auto-détection du micro...
09:33:11    [1] Réseau de microphones (Realtek( → OK ✓
09:33:11  ✓ Micro sélectionné : device 1
09:33:11  
09:33:11  ✓ Vocabulaire chargé : 4 mots, 3 remplacements
09:33:11  ✓ Stream audio ouvert en permanence
09:33:11  ==================================================
09:33:11    VoiceTyper — Chargement du modèle Whisper
09:33:11    Modèle : large-v3 | Device : cuda
09:33:11  ==================================================
09:33:11  
09:33:11    Utilisation du GPU (CUDA)
09:33:11    Téléchargement/chargement de 'large-v3'...
09:33:11    (Le 1er lancement télécharge le modèle ~3 Go)
09:33:11  
09:33:11    → Listener souris démarré
09:33:11    → Lancement du system tray...
09:33:11  
09:33:22    ✓ Modèle chargé avec succès 
09:33:22  
09:33:22    ┌──────────────────────────────────────────┐
09:33:22    │          VoiceTyper v1.1 prêt            │
09:33:22    ├──────────────────────────────────────────┤
09:33:22    │  Bouton souris avant (x2) = push-to-talk │
09:33:22    │                                          │
09:33:22    │  Parle → texte tapé au curseur           │
09:33:22    │  Texte sélectionné → remplacé            │
09:33:22    │                                          │
09:33:22    │             Icône tray  :                │
09:33:22    │    Gris = veille | Rouge = écoute        │
09:33:22    │    Bleu = transcription                  │
09:33:22    │                                          │
09:33:22    │  Vocabulaire : édite vocabulaire.json    │
09:33:22    └──────────────────────────────────────────┘
09:33:22  
09:33:28  → Transcription de 1.2s d'audio...
09:33:28  Processing audio with duration 00:01.152
09:33:28  VAD filter removed 00:01.152 of audio
09:33:29  Detected language 'nn' with probability 0.61
09:33:29  (aucun texte détecté, 1.1s)
09:33:37  → Transcription de 3.9s d'audio...
09:33:37  Processing audio with duration 00:03.904
09:33:37  VAD filter removed 00:01.076 of audio
09:33:38  Detected language 'fr' with probability 0.99
09:33:41  OK (3.5s, fr 99%) [INSERT]
09:33:41  → "{text}"
09:33:47  → Transcription de 2.8s d'audio...
09:33:47  Processing audio with duration 00:02.752
09:33:47  VAD filter removed 00:00.980 of audio
09:33:47  Detected language 'fr' with probability 0.97
09:33:48  OK (1.5s, fr 97%) [INSERT]
09:33:48  → "{text}"
09:35:11  → Transcription de 1.2s d'audio...
09:35:11  Processing audio with duration 00:01.216
09:35:11  VAD filter removed 00:01.216 of audio
09:35:12  Detected language 'nn' with probability 0.61
09:35:12  (aucun texte détecté, 0.5s)
09:35:15  → Transcription de 0.9s d'audio...
09:35:15  Processing audio with duration 00:00.896
09:35:15  VAD filter removed 00:00.212 of audio
09:35:15  Detected language 'fr' with probability 0.62
09:35:16  OK (0.8s, fr 62%) [INSERT]
09:35:16  → "{text}"
09:35:17  → Transcription de 0.7s d'audio...
09:35:17  Processing audio with duration 00:00.704
09:35:17  VAD filter removed 00:00.000 of audio
09:35:17  Detected language 'fr' with probability 0.85
09:35:18  OK (0.7s, fr 85%) [INSERT]
09:35:18  → "{text}"
09:35:18  → Texte sélectionné détecté (2043 car.) → sera remplacé
09:35:19  → Audio trop court (0.3s < 0.4s), ignoré
09:35:26  → Transcription de 1.3s d'audio...
09:35:26  Processing audio with duration 00:01.280
09:35:26  VAD filter removed 00:00.468 of audio
09:35:27  Detected language 'fr' with probability 0.99
09:35:27  OK (0.8s, fr 99%) [INSERT]
09:35:27  → "{text}"
09:35:30  → Transcription de 1.7s d'audio...
09:35:30  Processing audio with duration 00:01.664
09:35:30  VAD filter removed 00:00.372 of audio
09:35:30  Detected language 'fr' with probability 0.97
09:35:31  OK (0.7s, fr 97%) [INSERT]
09:35:31  → "{text}"
09:35:32  → Transcription de 0.8s d'audio...
09:35:32  Processing audio with duration 00:00.832
09:35:32  VAD filter removed 00:00.832 of audio
09:35:32  Detected language 'nn' with probability 0.61
09:35:32  (aucun texte détecté, 0.1s)
09:35:33  → Transcription de 0.4s d'audio...
09:35:33  Processing audio with duration 00:00.448
09:35:33  VAD filter removed 00:00.448 of audio
09:35:34  Detected language 'nn' with probability 0.61
09:35:34  (aucun texte détecté, 0.1s)
09:35:36  → Transcription de 1.4s d'audio...
09:35:36  Processing audio with duration 00:01.408
09:35:36  VAD filter removed 00:00.948 of audio
09:35:36  Detected language 'en' with probability 0.39
09:35:36  OK (0.6s, en 39%) [INSERT]
09:35:36  → "{text}"
09:35:38  → Transcription de 1.1s d'audio...
09:35:38  Processing audio with duration 00:01.088
09:35:38  VAD filter removed 00:00.212 of audio
09:35:39  Detected language 'en' with probability 0.28
09:35:39  OK (0.6s, en 28%) [INSERT]
09:35:39  → "{text}"
09:35:44  → Transcription de 3.2s d'audio...
09:35:44  Processing audio with duration 00:03.200
09:35:44  VAD filter removed 00:01.492 of audio
09:35:44  Detected language 'fr' with probability 0.99
09:35:45  OK (1.3s, fr 99%) [INSERT]
09:35:45  → "{text}"
09:35:49  → Transcription de 0.6s d'audio...
09:35:49  Processing audio with duration 00:00.576
09:35:49  VAD filter removed 00:00.576 of audio
09:35:49  Detected language 'nn' with probability 0.61
09:35:49  (aucun texte détecté, 0.5s)
09:35:58  → Transcription de 5.2s d'audio...
09:35:58  Processing audio with duration 00:05.248
09:35:58  VAD filter removed 00:00.628 of audio
09:35:58  Detected language 'fr' with probability 0.99
09:36:00  OK (2.4s, fr 99%) [INSERT]
09:36:00  → "{text}"
09:36:03  → Audio trop court (0.1s < 0.4s), ignoré
09:36:14  → Transcription de 1.9s d'audio...
09:36:14  Processing audio with duration 00:01.920
09:36:14  VAD filter removed 00:00.756 of audio
09:36:15  Detected language 'fr' with probability 1.00
09:36:16  OK (1.1s, fr 100%) [INSERT]
09:36:16  → "{text}"
09:37:32  → Transcription de 8.8s d'audio...
09:37:32  Processing audio with duration 00:08.832
09:37:32  VAD filter removed 00:00.468 of audio
09:37:32  Detected language 'fr' with probability 0.99
09:37:34  OK (2.9s, fr 99%) [INSERT]
09:37:34  → "{text}"
09:37:45  → Transcription de 6.5s d'audio...
09:37:45  Processing audio with duration 00:06.528
09:37:45  VAD filter removed 00:00.660 of audio
09:37:45  Detected language 'fr' with probability 1.00
09:37:47  OK (2.2s, fr 100%) [INSERT]
09:37:47  → "{text}"
09:37:51  → Transcription de 3.2s d'audio...
09:37:51  Processing audio with duration 00:03.200
09:37:51  VAD filter removed 00:00.820 of audio
09:37:52  Detected language 'fr' with probability 0.99
09:37:53  OK (1.2s, fr 99%) [INSERT]
09:37:53  → "{text}"
09:39:47  
09:39:47    ╔═══════════════════════════════════════╗
09:39:47    ║        VoiceTyper v1.1                ║
09:39:47    ╚═══════════════════════════════════════╝
09:39:47  
09:39:47    🔍 Auto-détection du micro...
09:39:48    [1] Réseau de microphones (Realtek( → OK ✓
09:39:48  ✓ Micro sélectionné : device 1
09:39:48  
09:39:48  ✓ Vocabulaire chargé : 4 mots, 3 remplacements
09:39:48  ✓ Stream audio ouvert en permanence
09:39:48  ==================================================
09:39:48    VoiceTyper — Chargement du modèle Whisper
09:39:48    Modèle : large-v3 | Device : cuda
09:39:48  ==================================================
09:39:48  
09:39:48    Utilisation du GPU (CUDA)
09:39:48    Téléchargement/chargement de 'large-v3'...
09:39:48    (Le 1er lancement télécharge le modèle ~3 Go)
09:39:48  
09:39:48    → Listener souris démarré
09:39:48    → Lancement du system tray...
09:39:48  
09:39:48  HTTP Request: GET https://huggingface.co/api/models/Systran/faster-whisper-large-v3/revision/main "HTTP/1.1 200 OK"
09:39:53  
  VoiceTyper arrêté
09:40:00    ✓ Modèle chargé avec succès 
09:40:00  
09:40:00    ┌──────────────────────────────────────────┐
09:40:00    │          VoiceTyper v1.1 prêt            │
09:40:00    ├──────────────────────────────────────────┤
09:40:00    │  Bouton souris avant (x2) = push-to-talk │
09:40:00    │                                          │
09:40:00    │  Parle → texte tapé au curseur           │
09:40:00    │  Texte sélectionné → remplacé            │
09:40:00    │                                          │
09:40:00    │             Icône tray  :                │
09:40:00    │    Gris = veille | Rouge = écoute        │
09:40:00    │    Bleu = transcription                  │
09:40:00    │                                          │
09:40:00    │  Vocabulaire : édite vocabulaire.json    │
09:40:00    └──────────────────────────────────────────┘
09:40:00  
09:40:06  → Transcription de 1.7s d'audio...
09:40:06  Processing audio with duration 00:01.664
09:40:06  VAD filter removed 00:00.564 of audio
09:40:07  Detected language 'fr' with probability 0.99
09:40:08  OK (2.0s, fr 99%) [INSERT]
09:40:08  → "{text}"
09:40:11  → Transcription de 1.9s d'audio...
09:40:11  Processing audio with duration 00:01.920
09:40:11  VAD filter removed 00:00.500 of audio
09:40:12  Detected language 'fr' with probability 0.99
09:40:12  OK (1.3s, fr 99%) [INSERT]
09:40:12  → "{text}"
09:40:17  → Transcription de 2.6s d'audio...
09:40:17  Processing audio with duration 00:02.560
09:40:17  VAD filter removed 00:00.724 of audio
09:40:17  Detected language 'fr' with probability 0.99
09:40:18  OK (1.7s, fr 99%) [INSERT]
09:40:18  → "{text}"
09:40:40  → Transcription de 8.3s d'audio...
09:40:40  Processing audio with duration 00:08.320
09:40:40  VAD filter removed 00:00.276 of audio
09:40:41  Detected language 'fr' with probability 0.99
09:40:43  OK (3.0s, fr 99%) [INSERT]
09:40:43  → "{text}"
09:40:56  → Transcription de 1.7s d'audio...
09:40:56  Processing audio with duration 00:01.728
09:40:56  VAD filter removed 00:00.500 of audio
09:40:56  Detected language 'fr' with probability 0.95
09:40:57  OK (0.9s, fr 95%) [INSERT]
09:40:57  → "{text}"
09:41:04  → Transcription de 1.2s d'audio...
09:41:04  Processing audio with duration 00:01.216
09:41:04  VAD filter removed 00:00.148 of audio
09:41:04  Detected language 'fr' with probability 0.97
09:41:05  OK (1.2s, fr 97%) [INSERT]
09:41:05  → "{text}"
09:41:11  → Transcription de 2.5s d'audio...
09:41:11  Processing audio with duration 00:02.496
09:41:11  VAD filter removed 00:00.724 of audio
09:41:11  Detected language 'fr' with probability 0.98
09:41:12  OK (1.0s, fr 98%) [INSERT]
09:41:12  → "{text}"
09:41:17  → Transcription de 4.4s d'audio...
09:41:17  Processing audio with duration 00:04.352
09:41:17  VAD filter removed 00:02.088 of audio
09:41:18  Detected language 'fr' with probability 0.98
09:41:19  OK (1.2s, fr 98%) [INSERT]
09:41:19  → "{text}"
09:44:53  
  VoiceTyper arrêté
09:44:59  
09:44:59    ╔═══════════════════════════════════════╗
09:44:59    ║        VoiceTyper v1.1                ║
09:44:59    ╚═══════════════════════════════════════╝
09:44:59  
09:44:59    🔍 Auto-détection du micro...
09:45:00    [1] Réseau de microphones (Realtek( → OK ✓
09:45:00  ✓ Micro sélectionné : device 1
09:45:00  
09:45:00  ✓ Vocabulaire chargé : 4 mots, 3 remplacements
09:45:00  ✓ Stream audio ouvert en permanence
09:45:00  ==================================================
09:45:00    VoiceTyper — Chargement du modèle Whisper
09:45:00    → Listener souris démarré
09:45:00    Modèle : large-v3 | Device : cuda
09:45:00  ==================================================
09:45:00    → Lancement du system tray...
09:45:00  
09:45:00    Utilisation du GPU (CUDA)
09:45:00  
09:45:00    Téléchargement/chargement de 'large-v3'...
09:45:00    (Le 1er lancement télécharge le modèle ~3 Go)
09:45:00  
09:45:00  HTTP Request: GET https://huggingface.co/api/models/Systran/faster-whisper-large-v3/revision/main "HTTP/1.1 200 OK"
09:45:04    ✓ Modèle chargé avec succès 
09:45:04  
09:45:04    ┌──────────────────────────────────────────┐
09:45:04    │          VoiceTyper v1.1 prêt            │
09:45:04    ├──────────────────────────────────────────┤
09:45:04    │  Bouton souris avant (x2) = push-to-talk │
09:45:04    │                                          │
09:45:04    │  Parle → texte tapé au curseur           │
09:45:04    │  Texte sélectionné → remplacé            │
09:45:04    │                                          │
09:45:04    │             Icône tray  :                │
09:45:04    │    Gris = veille | Rouge = écoute        │
09:45:04    │    Bleu = transcription                  │
09:45:04    │                                          │
09:45:04    │  Vocabulaire : édite vocabulaire.json    │
09:45:04    └──────────────────────────────────────────┘
09:45:04  
09:45:15  → Transcription de 4.0s d'audio...
09:45:15  Processing audio with duration 00:03.968
09:45:15  VAD filter removed 00:00.500 of audio
09:45:15  Detected language 'fr' with probability 0.99
09:45:16  OK (1.1s, fr 99%) [INSERT]
09:45:16  → "{text}"
09:45:41  → Transcription de 6.5s d'audio...
09:45:41  Processing audio with duration 00:06.464
09:45:41  VAD filter removed 00:01.844 of audio
09:45:42  Detected language 'fr' with probability 0.99
09:45:42  OK (1.1s, fr 99%) [INSERT]
09:45:42  → "{text}"
09:45:57  → Transcription de 5.2s d'audio...
09:45:57  Processing audio with duration 00:05.184
09:45:57  VAD filter removed 00:01.108 of audio
09:45:58  Detected language 'fr' with probability 0.99
09:45:58  OK (0.9s, fr 99%) [INSERT]
09:45:58  → "{text}"
09:46:27  
  VoiceTyper arrêté
09:47:33  
09:47:33    ╔═══════════════════════════════════════╗
09:47:33    ║        VoiceTyper v1.1                ║
09:47:33    ╚═══════════════════════════════════════╝
09:47:33  
09:47:33    🔍 Auto-détection du micro...
09:47:34    [1] Réseau de microphones (Realtek( → OK ✓
09:47:34  ✓ Micro sélectionné : device 1
09:47:34  
09:47:34  ✓ Vocabulaire chargé : 4 mots, 3 remplacements
09:47:34  ✓ Stream audio ouvert en permanence
09:47:34  ==================================================
09:47:34    VoiceTyper — Chargement du modèle Whisper
09:47:34    Modèle : large-v3 | Device : cuda
09:47:34  ==================================================
09:47:34  
09:47:34    Utilisation du GPU (CUDA)
09:47:34    Téléchargement/chargement de 'large-v3'...
09:47:34    (Le 1er lancement télécharge le modèle ~3 Go)
09:47:34  
09:47:34    → Listener souris démarré
09:47:34    → Lancement du system tray...
09:47:34  
09:47:45    ✓ Modèle chargé avec succès 
09:47:45  
09:47:45    ┌──────────────────────────────────────────┐
09:47:45    │          VoiceTyper v1.1 prêt            │
09:47:45    ├──────────────────────────────────────────┤
09:47:45    │  Bouton souris avant (x2) = push-to-talk │
09:47:45    │                                          │
09:47:45    │  Parle → texte tapé au curseur           │
09:47:45    │  Texte sélectionné → remplacé            │
09:47:45    │                                          │
09:47:45    │             Icône tray  :                │
09:47:45    │    Gris = veille | Rouge = écoute        │
09:47:45    │    Bleu = transcription                  │
09:47:45    │                                          │
09:47:45    │  Vocabulaire : édite vocabulaire.json    │
09:47:45    └──────────────────────────────────────────┘
09:47:45  
09:48:19  → Transcription de 5.2s d'audio...
09:48:19  Processing audio with duration 00:05.184
09:48:19  VAD filter removed 00:00.436 of audio
09:48:20  Detected language 'fr' with probability 1.00
09:48:21  OK (2.2s, fr 100%) [INSERT]
09:48:21  → "{text}"
09:48:36  → Transcription de 7.6s d'audio...
09:48:36  Processing audio with duration 00:07.616
09:48:36  VAD filter removed 00:00.372 of audio
09:48:36  Detected language 'fr' with probability 0.98
09:48:37  OK (1.6s, fr 98%) [INSERT]
09:48:37  → "{text}"
10:06:14  → Transcription de 2.0s d'audio...
10:06:14  Processing audio with duration 00:02.048
10:06:14  VAD filter removed 00:00.660 of audio
10:06:15  Detected language 'fr' with probability 0.99
10:06:16  OK (1.8s, fr 99%) [INSERT]
10:06:16  → "{text}"
10:06:23  → Transcription de 3.6s d'audio...
10:06:23  Processing audio with duration 00:03.648
10:06:23  VAD filter removed 00:01.076 of audio
10:06:24  Detected language 'fr' with probability 1.00
10:06:25  OK (1.6s, fr 100%) [INSERT]
10:06:25  → "{text}"
10:06:35  → Transcription de 2.4s d'audio...
10:06:35  Processing audio with duration 00:02.432
10:06:35  VAD filter removed 00:00.660 of audio
10:06:35  Detected language 'fr' with probability 0.99
10:06:36  OK (1.3s, fr 99%) [INSERT]
10:06:36  → "{text}"
10:08:00  → Transcription de 2.6s d'audio...
10:08:00  Processing audio with duration 00:02.624
10:08:00  VAD filter removed 00:00.468 of audio
10:08:00  Detected language 'fr' with probability 0.93
10:08:01  OK (1.1s, fr 93%) [INSERT]
10:08:01  → "{text}"
10:08:14  → Transcription de 2.1s d'audio...
10:08:14  Processing audio with duration 00:02.112
10:08:14  VAD filter removed 00:00.404 of audio
10:08:15  Detected language 'fr' with probability 0.99
10:08:15  OK (1.1s, fr 99%) [INSERT]
10:08:15  → "{text}"
10:08:28  → Audio trop court (0.1s < 0.4s), ignoré
10:08:47  → Transcription de 1.5s d'audio...
10:08:47  Processing audio with duration 00:01.536
10:08:47  VAD filter removed 00:00.276 of audio
10:08:47  Detected language 'fr' with probability 0.98
10:08:48  OK (1.4s, fr 98%) [INSERT]
10:08:48  → "{text}"
10:09:23  → Transcription de 18.5s d'audio...
10:09:23  Processing audio with duration 00:18.496
10:09:24  VAD filter removed 00:00.468 of audio
10:09:24  Detected language 'fr' with probability 1.00
10:09:28  OK (4.7s, fr 100%) [INSERT]
10:09:28  → "{text}"
10:15:44  → Transcription de 10.8s d'audio...
10:15:44  Processing audio with duration 00:10.752
10:15:44  VAD filter removed 00:01.044 of audio
10:15:45  Detected language 'fr' with probability 1.00
10:15:46  OK (2.4s, fr 100%) [INSERT]
10:15:46  → "{text}"
10:16:19  → Transcription de 5.6s d'audio...
10:16:19  Processing audio with duration 00:05.568
10:16:19  VAD filter removed 00:01.064 of audio
10:16:19  Detected language 'fr' with probability 1.00
10:16:21  OK (1.5s, fr 100%) [INSERT]
10:16:21  → "{text}"
10:24:53  → Transcription de 4.0s d'audio...
10:24:53  Processing audio with duration 00:04.032
10:24:53  VAD filter removed 00:00.500 of audio
10:24:54  Detected language 'fr' with probability 0.98
10:24:55  OK (1.5s, fr 98%) [INSERT]
10:24:55  → "{text}"
10:25:13  → Transcription de 9.2s d'audio...
10:25:13  Processing audio with duration 00:09.216
10:25:13  VAD filter removed 00:01.616 of audio
10:25:13  Detected language 'fr' with probability 0.98
10:25:15  OK (2.3s, fr 98%) [INSERT]
10:25:15  → "{text}"
11:26:21  → Transcription de 9.2s d'audio...
11:26:21  Processing audio with duration 00:09.216
11:26:21  VAD filter removed 00:00.828 of audio
11:26:23  Detected language 'fr' with probability 0.98
11:26:24  OK (2.5s, fr 98%) [INSERT]
11:26:24  → "{text}"
